[NX Daemon Server] - 2024-10-02T18:11:00.255Z - Started listening on: \\.\pipe\nx\C:\Users\reina\AppData\Local\Temp\156d2d8cf3684044e6e0\d.sock
[NX Daemon Server] - 2024-10-02T18:11:00.259Z - [WATCHER]: Subscribed to changes within: C:\Users\reina\projetos\lerna-hello-world (native)
[NX Daemon Server] - 2024-10-02T18:11:00.261Z - Established a connection. Number of open connections: 1
[NX Daemon Server] - 2024-10-02T18:11:00.262Z - Established a connection. Number of open connections: 2
[NX Daemon Server] - 2024-10-02T18:11:00.263Z - Closed a connection. Number of open connections: 1
[NX Daemon Server] - 2024-10-02T18:11:00.264Z - [REQUEST]: Client Request for Project Graph Received
[NX Daemon Server] - 2024-10-02T18:11:00.603Z - [REQUEST]: Updated workspace context based on watched changes, recomputing project graph...
[NX Daemon Server] - 2024-10-02T18:11:00.604Z - [REQUEST]: 
[NX Daemon Server] - 2024-10-02T18:11:00.604Z - [REQUEST]: 
[NX Daemon Server] - 2024-10-02T18:11:00.609Z - Time taken for 'loadNxPlugins' 337.1514ms
[NX Daemon Server] - 2024-10-02T18:11:00.628Z - Time taken for 'build-project-configs' 11.393500000000017ms
[NX Daemon Server] - 2024-10-02T18:11:00.654Z - [SYNC]: collect registered sync generators
[NX Daemon Server] - 2024-10-02T18:11:00.655Z - [REQUEST]: Responding to the client. project-graph
[NX Daemon Server] - 2024-10-02T18:11:00.655Z - Time taken for 'total for creating and serializing project graph' 390.10269999999997ms
[NX Daemon Server] - 2024-10-02T18:11:00.655Z - Done responding to the client project-graph
[NX Daemon Server] - 2024-10-02T18:11:00.655Z - Handled REQUEST_PROJECT_GRAPH. Handling time: 391. Response time: 0.
[NX Daemon Server] - 2024-10-02T18:11:00.659Z - [REQUEST]: Responding to the client. handleContextFileData
[NX Daemon Server] - 2024-10-02T18:11:00.659Z - Done responding to the client handleContextFileData
[NX Daemon Server] - 2024-10-02T18:11:00.659Z - Handled GET_CONTEXT_FILE_DATA. Handling time: 1. Response time: 0.
[NX Daemon Server] - 2024-10-02T18:11:00.667Z - Closed a connection. Number of open connections: 0
[NX Daemon Server] - 2024-10-02T18:14:17.146Z - Established a connection. Number of open connections: 1
[NX Daemon Server] - 2024-10-02T18:14:17.146Z - Closed a connection. Number of open connections: 0
[NX Daemon Server] - 2024-10-02T18:14:17.147Z - Established a connection. Number of open connections: 1
[NX Daemon Server] - 2024-10-02T18:14:17.150Z - [REQUEST]: Responding to the client. Shutdown initiated
[NX Daemon Server] - 2024-10-02T18:14:17.151Z - Done responding to the client Shutdown initiated
[NX Daemon Server] - 2024-10-02T18:14:17.151Z - Handled FORCE_SHUTDOWN. Handling time: 0. Response time: 1.
[NX Daemon Server] - 2024-10-02T18:14:17.158Z - Closed a connection. Number of open connections: 0
[NX Daemon Server] - 2024-10-02T18:14:17.159Z - [WATCHER]: Stopping the watcher for C:\Users\reina\projetos\lerna-hello-world (sources)
[NX Daemon Server] - 2024-10-02T18:14:17.159Z - [WATCHER]: Stopping the watcher for C:\Users\reina\projetos\lerna-hello-world (outputs)
[NX Daemon Server] - 2024-10-02T18:14:17.160Z - Server stopped because: "Request to shutdown"
[NX Daemon Server] - 2024-10-02T18:17:07.689Z - Started listening on: \\.\pipe\nx\C:\Users\reina\AppData\Local\Temp\156d2d8cf3684044e6e0\d.sock
[NX Daemon Server] - 2024-10-02T18:17:07.691Z - [WATCHER]: Subscribed to changes within: C:\Users\reina\projetos\lerna-hello-world (native)
[NX Daemon Server] - 2024-10-02T18:17:07.693Z - Established a connection. Number of open connections: 1
[NX Daemon Server] - 2024-10-02T18:17:07.695Z - Closed a connection. Number of open connections: 0
[NX Daemon Server] - 2024-10-02T18:17:07.695Z - Established a connection. Number of open connections: 1
[NX Daemon Server] - 2024-10-02T18:17:07.696Z - [REQUEST]: Client Request for Project Graph Received
[NX Daemon Server] - 2024-10-02T18:17:07.904Z - [REQUEST]: Updated workspace context based on watched changes, recomputing project graph...
[NX Daemon Server] - 2024-10-02T18:17:07.904Z - [REQUEST]: 
[NX Daemon Server] - 2024-10-02T18:17:07.904Z - [REQUEST]: 
[NX Daemon Server] - 2024-10-02T18:17:07.910Z - Time taken for 'loadNxPlugins' 206.1449ms
[NX Daemon Server] - 2024-10-02T18:17:07.927Z - Time taken for 'build-project-configs' 10.263900000000035ms
[NX Daemon Server] - 2024-10-02T18:17:07.939Z - [SYNC]: collect registered sync generators
[NX Daemon Server] - 2024-10-02T18:17:07.939Z - [REQUEST]: Responding to the client. project-graph
[NX Daemon Server] - 2024-10-02T18:17:07.940Z - Time taken for 'total for creating and serializing project graph' 243.1886ms
[NX Daemon Server] - 2024-10-02T18:17:07.940Z - Done responding to the client project-graph
[NX Daemon Server] - 2024-10-02T18:17:07.940Z - Handled REQUEST_PROJECT_GRAPH. Handling time: 243. Response time: 1.
[NX Daemon Server] - 2024-10-02T18:17:07.955Z - [REQUEST]: Client Request for Project Graph Received
[NX Daemon Server] - 2024-10-02T18:17:07.955Z - [REQUEST]: Responding to the client. project-graph
[NX Daemon Server] - 2024-10-02T18:17:07.955Z - Time taken for 'total for creating and serializing project graph' 0.3976999999999862ms
[NX Daemon Server] - 2024-10-02T18:17:07.955Z - Done responding to the client project-graph
[NX Daemon Server] - 2024-10-02T18:17:07.955Z - Handled REQUEST_PROJECT_GRAPH. Handling time: 1. Response time: 0.
[NX Daemon Server] - 2024-10-02T18:17:07.957Z - Established a connection. Number of open connections: 2
[NX Daemon Server] - 2024-10-02T18:17:07.958Z - [REQUEST]: Client Request for Project Graph Received
[NX Daemon Server] - 2024-10-02T18:17:07.958Z - [REQUEST]: Responding to the client. project-graph
[NX Daemon Server] - 2024-10-02T18:17:07.959Z - Time taken for 'total for creating and serializing project graph' 0.37180000000000746ms
[NX Daemon Server] - 2024-10-02T18:17:07.959Z - Done responding to the client project-graph
[NX Daemon Server] - 2024-10-02T18:17:07.959Z - Handled REQUEST_PROJECT_GRAPH. Handling time: 0. Response time: 1.
[NX Daemon Server] - 2024-10-02T18:17:37.738Z - Closed a connection. Number of open connections: 1
[NX Daemon Server] - 2024-10-02T18:17:37.738Z - Closed a connection. Number of open connections: 0
[NX Daemon Server] - 2024-10-02T21:17:07.961Z - [WATCHER]: Stopping the watcher for C:\Users\reina\projetos\lerna-hello-world (sources)
[NX Daemon Server] - 2024-10-02T21:17:07.961Z - [WATCHER]: Stopping the watcher for C:\Users\reina\projetos\lerna-hello-world (outputs)
[NX Daemon Server] - 2024-10-02T21:17:07.968Z - Server stopped because: "10800000ms of inactivity"
[NX Daemon Server] - 2024-10-03T21:16:13.526Z - Started listening on: \\.\pipe\nx\C:\Users\reina\AppData\Local\Temp\156d2d8cf3684044e6e0\d.sock
[NX Daemon Server] - 2024-10-03T21:16:13.530Z - [WATCHER]: Subscribed to changes within: C:\Users\reina\projetos\lerna-hello-world (native)
[NX Daemon Server] - 2024-10-03T21:16:13.535Z - Established a connection. Number of open connections: 1
[NX Daemon Server] - 2024-10-03T21:16:13.537Z - Closed a connection. Number of open connections: 0
[NX Daemon Server] - 2024-10-03T21:16:13.537Z - Established a connection. Number of open connections: 1
[NX Daemon Server] - 2024-10-03T21:16:13.539Z - [REQUEST]: Responding to the client. Shutdown initiated
[NX Daemon Server] - 2024-10-03T21:16:13.540Z - Done responding to the client Shutdown initiated
[NX Daemon Server] - 2024-10-03T21:16:13.540Z - Handled FORCE_SHUTDOWN. Handling time: 0. Response time: 1.
[NX Daemon Server] - 2024-10-03T21:16:13.541Z - Closed a connection. Number of open connections: 0
[NX Daemon Server] - 2024-10-03T21:16:13.541Z - [WATCHER]: Stopping the watcher for C:\Users\reina\projetos\lerna-hello-world (sources)
[NX Daemon Server] - 2024-10-03T21:16:13.541Z - [WATCHER]: Stopping the watcher for C:\Users\reina\projetos\lerna-hello-world (outputs)
[NX Daemon Server] - 2024-10-03T21:22:16.812Z - Started listening on: \\.\pipe\nx\C:\Users\reina\AppData\Local\Temp\156d2d8cf3684044e6e0\d.sock
[NX Daemon Server] - 2024-10-03T21:22:16.815Z - [WATCHER]: Subscribed to changes within: C:\Users\reina\projetos\lerna-hello-world (native)
[NX Daemon Server] - 2024-10-03T21:22:16.824Z - Established a connection. Number of open connections: 1
[NX Daemon Server] - 2024-10-03T21:22:16.826Z - Closed a connection. Number of open connections: 0
[NX Daemon Server] - 2024-10-03T21:22:16.826Z - Established a connection. Number of open connections: 1
[NX Daemon Server] - 2024-10-03T21:22:16.828Z - [REQUEST]: Client Request for Project Graph Received
[NX Daemon Server] - 2024-10-03T21:22:17.032Z - [REQUEST]: Updated workspace context based on watched changes, recomputing project graph...
[NX Daemon Server] - 2024-10-03T21:22:17.032Z - [REQUEST]: 
[NX Daemon Server] - 2024-10-03T21:22:17.032Z - [REQUEST]: 
[NX Daemon Server] - 2024-10-03T21:22:17.037Z - Time taken for 'loadNxPlugins' 202.87159999999997ms
[NX Daemon Server] - 2024-10-03T21:22:17.057Z - Time taken for 'build-project-configs' 11.483699999999999ms
[NX Daemon Server] - 2024-10-03T21:22:17.069Z - [SYNC]: collect registered sync generators
[NX Daemon Server] - 2024-10-03T21:22:17.071Z - [REQUEST]: Responding to the client. project-graph
[NX Daemon Server] - 2024-10-03T21:22:17.071Z - Time taken for 'total for creating and serializing project graph' 242.86029999999997ms
[NX Daemon Server] - 2024-10-03T21:22:17.071Z - Done responding to the client project-graph
[NX Daemon Server] - 2024-10-03T21:22:17.071Z - Handled REQUEST_PROJECT_GRAPH. Handling time: 243. Response time: 0.
[NX Daemon Server] - 2024-10-03T21:22:17.075Z - [REQUEST]: Responding to the client. handleContextFileData
[NX Daemon Server] - 2024-10-03T21:22:17.075Z - Done responding to the client handleContextFileData
[NX Daemon Server] - 2024-10-03T21:22:17.075Z - Handled GET_CONTEXT_FILE_DATA. Handling time: 0. Response time: 0.
[NX Daemon Server] - 2024-10-03T21:22:17.090Z - Closed a connection. Number of open connections: 0
[NX Daemon Server] - 2024-10-08T14:21:42.463Z - Started listening on: \\.\pipe\nx\C:\Users\reina\AppData\Local\Temp\156d2d8cf3684044e6e0\d.sock
[NX Daemon Server] - 2024-10-08T14:21:42.469Z - [WATCHER]: Subscribed to changes within: C:\Users\reina\projetos\lerna-hello-world (native)
[NX Daemon Server] - 2024-10-08T14:21:42.475Z - Established a connection. Number of open connections: 1
[NX Daemon Server] - 2024-10-08T14:21:42.476Z - Closed a connection. Number of open connections: 0
[NX Daemon Server] - 2024-10-08T14:21:42.477Z - Established a connection. Number of open connections: 1
[NX Daemon Server] - 2024-10-08T14:21:42.478Z - [REQUEST]: Client Request for Project Graph Received
[NX Daemon Server] - 2024-10-08T14:21:42.833Z - [REQUEST]: Updated workspace context based on watched changes, recomputing project graph...
[NX Daemon Server] - 2024-10-08T14:21:42.833Z - [REQUEST]: 
[NX Daemon Server] - 2024-10-08T14:21:42.833Z - [REQUEST]: 
[NX Daemon Server] - 2024-10-08T14:21:42.840Z - Time taken for 'loadNxPlugins' 353.16010000000006ms
[NX Daemon Server] - 2024-10-08T14:21:42.878Z - Time taken for 'build-project-configs' 23.212800000000016ms
[NX Daemon Server] - 2024-10-08T14:21:43.052Z - [SYNC]: collect registered sync generators
[NX Daemon Server] - 2024-10-08T14:21:43.053Z - [REQUEST]: Responding to the client. project-graph
[NX Daemon Server] - 2024-10-08T14:21:43.053Z - Time taken for 'total for creating and serializing project graph' 574.7469ms
[NX Daemon Server] - 2024-10-08T14:21:43.054Z - Done responding to the client project-graph
[NX Daemon Server] - 2024-10-08T14:21:43.054Z - Handled REQUEST_PROJECT_GRAPH. Handling time: 575. Response time: 1.
[NX Daemon Server] - 2024-10-08T14:21:43.059Z - [REQUEST]: Responding to the client. handleContextFileData
[NX Daemon Server] - 2024-10-08T14:21:43.059Z - Done responding to the client handleContextFileData
[NX Daemon Server] - 2024-10-08T14:21:43.059Z - Handled GET_CONTEXT_FILE_DATA. Handling time: 0. Response time: 0.
[NX Daemon Server] - 2024-10-08T14:21:43.088Z - [REQUEST]: Client Request for Project Graph Received
[NX Daemon Server] - 2024-10-08T14:21:43.088Z - [REQUEST]: Responding to the client. project-graph
[NX Daemon Server] - 2024-10-08T14:21:43.089Z - Time taken for 'total for creating and serializing project graph' 0.48060000000009495ms
[NX Daemon Server] - 2024-10-08T14:21:43.089Z - Done responding to the client project-graph
[NX Daemon Server] - 2024-10-08T14:21:43.089Z - Handled REQUEST_PROJECT_GRAPH. Handling time: 0. Response time: 1.
[NX Daemon Server] - 2024-10-08T14:21:43.143Z - [REQUEST]: Responding to the client. handleHashTasks
[NX Daemon Server] - 2024-10-08T14:21:43.144Z - Done responding to the client handleHashTasks
[NX Daemon Server] - 2024-10-08T14:21:43.144Z - Handled HASH_TASKS. Handling time: 11. Response time: 1.
[NX Daemon Server] - 2024-10-08T14:21:51.020Z - [WATCHER]: Processing file changes in outputs
[NX Daemon Server] - 2024-10-08T14:21:51.078Z - [WATCHER]: Processing file changes in outputs
[NX Daemon Server] - 2024-10-08T14:21:51.587Z - [REQUEST]: Responding to the client. recordOutputsHash
[NX Daemon Server] - 2024-10-08T14:21:51.587Z - Done responding to the client recordOutputsHash
[NX Daemon Server] - 2024-10-08T14:21:51.587Z - Handled RECORD_OUTPUTS_HASH. Handling time: 7. Response time: 0.
[NX Daemon Server] - 2024-10-08T14:21:51.596Z - Closed a connection. Number of open connections: 0
[NX Daemon Server] - 2024-10-08T15:20:12.524Z - [WATCHER]: nx.json was modified
[NX Daemon Server] - 2024-10-08T15:20:12.525Z - [WATCHER]: Processing file changes in outputs
[NX Daemon Server] - 2024-10-08T15:20:12.627Z - [REQUEST]: Updated workspace context based on watched changes, recomputing project graph...
[NX Daemon Server] - 2024-10-08T15:20:12.627Z - [REQUEST]: nx.json
[NX Daemon Server] - 2024-10-08T15:20:12.627Z - [REQUEST]: 
[NX Daemon Server] - 2024-10-08T15:20:12.629Z - Time taken for 'hash changed files from watcher' 0.17279999982565641ms
[NX Daemon Server] - 2024-10-08T15:20:12.649Z - Time taken for 'build-project-configs' 17.646399999968708ms
[NX Daemon Server] - 2024-10-08T15:20:12.668Z - [SYNC]: collect registered sync generators
[NX Daemon Server] - 2024-10-08T15:20:12.669Z - [SYNC]: nx.json hash is the same, not collecting global sync generators
[NX Daemon Server] - 2024-10-08T15:20:12.669Z - Time taken for 'total execution time for createProjectGraph()' 14.300000000279397ms
[NX Daemon Server] - 2024-10-08T15:20:22.842Z - Established a connection. Number of open connections: 1
[NX Daemon Server] - 2024-10-08T15:20:22.843Z - Closed a connection. Number of open connections: 0
[NX Daemon Server] - 2024-10-08T15:20:22.843Z - Established a connection. Number of open connections: 1
[NX Daemon Server] - 2024-10-08T15:20:22.845Z - [REQUEST]: Client Request for Project Graph Received
[NX Daemon Server] - 2024-10-08T15:20:22.846Z - [REQUEST]: Responding to the client. project-graph
[NX Daemon Server] - 2024-10-08T15:20:22.846Z - Time taken for 'total for creating and serializing project graph' 0.37910000002011657ms
[NX Daemon Server] - 2024-10-08T15:20:22.846Z - Done responding to the client project-graph
[NX Daemon Server] - 2024-10-08T15:20:22.847Z - Handled REQUEST_PROJECT_GRAPH. Handling time: 1. Response time: 1.
[NX Daemon Server] - 2024-10-08T15:20:22.851Z - [REQUEST]: Responding to the client. handleContextFileData
[NX Daemon Server] - 2024-10-08T15:20:22.851Z - Done responding to the client handleContextFileData
[NX Daemon Server] - 2024-10-08T15:20:22.851Z - Handled GET_CONTEXT_FILE_DATA. Handling time: 0. Response time: 0.
[NX Daemon Server] - 2024-10-08T15:20:22.880Z - [REQUEST]: Client Request for Project Graph Received
[NX Daemon Server] - 2024-10-08T15:20:22.880Z - [REQUEST]: Responding to the client. project-graph
[NX Daemon Server] - 2024-10-08T15:20:22.881Z - Time taken for 'total for creating and serializing project graph' 0.39479999989271164ms
[NX Daemon Server] - 2024-10-08T15:20:22.881Z - Done responding to the client project-graph
[NX Daemon Server] - 2024-10-08T15:20:22.881Z - Handled REQUEST_PROJECT_GRAPH. Handling time: 0. Response time: 1.
[NX Daemon Server] - 2024-10-08T15:20:22.915Z - [REQUEST]: Responding to the client. handleHashTasks
[NX Daemon Server] - 2024-10-08T15:20:22.915Z - Done responding to the client handleHashTasks
[NX Daemon Server] - 2024-10-08T15:20:22.915Z - Handled HASH_TASKS. Handling time: 8. Response time: 0.
[NX Daemon Server] - 2024-10-08T15:20:26.043Z - [WATCHER]: Processing file changes in outputs
[NX Daemon Server] - 2024-10-08T15:20:31.215Z - [WATCHER]: Processing file changes in outputs
[NX Daemon Server] - 2024-10-08T15:20:31.268Z - [WATCHER]: Processing file changes in outputs
[NX Daemon Server] - 2024-10-08T15:22:28.028Z - Closed a connection. Number of open connections: 0
[NX Daemon Server] - 2024-10-08T15:34:05.429Z - [WATCHER]: Processing file changes in outputs
[NX Daemon Server] - 2024-10-08T15:34:05.430Z - [WATCHER]: packages/webapp/package.json was deleted
[NX Daemon Server] - 2024-10-08T15:34:05.536Z - [REQUEST]: Updated workspace context based on watched changes, recomputing project graph...
[NX Daemon Server] - 2024-10-08T15:34:05.536Z - [REQUEST]: 
[NX Daemon Server] - 2024-10-08T15:34:05.536Z - [REQUEST]: packages/webapp/package.json
[NX Daemon Server] - 2024-10-08T15:34:05.538Z - Time taken for 'hash changed files from watcher' 0.06030000001192093ms
[NX Daemon Server] - 2024-10-08T15:34:05.548Z - Time taken for 'build-project-configs' 7.998700000345707ms
[NX Daemon Server] - 2024-10-08T15:34:05.570Z - [SYNC]: collect registered sync generators
[NX Daemon Server] - 2024-10-08T15:34:05.571Z - [SYNC]: nx.json hash is the same, not collecting global sync generators
[NX Daemon Server] - 2024-10-08T15:34:05.571Z - Time taken for 'total execution time for createProjectGraph()' 15.824300000444055ms
[NX Daemon Server] - 2024-10-08T15:34:10.266Z - [WATCHER]: packages/webapp/package.json was modified
[NX Daemon Server] - 2024-10-08T15:34:10.266Z - [WATCHER]: Processing file changes in outputs
[NX Daemon Server] - 2024-10-08T15:34:10.479Z - [REQUEST]: Updated workspace context based on watched changes, recomputing project graph...
[NX Daemon Server] - 2024-10-08T15:34:10.479Z - [REQUEST]: packages/webapp/package.json
[NX Daemon Server] - 2024-10-08T15:34:10.479Z - [REQUEST]: 
[NX Daemon Server] - 2024-10-08T15:34:10.481Z - Time taken for 'hash changed files from watcher' 0.17299999948590994ms
[NX Daemon Server] - 2024-10-08T15:34:10.494Z - Time taken for 'build-project-configs' 10.180800000205636ms
[NX Daemon Server] - 2024-10-08T15:34:10.515Z - [SYNC]: collect registered sync generators
[NX Daemon Server] - 2024-10-08T15:34:10.516Z - [SYNC]: nx.json hash is the same, not collecting global sync generators
[NX Daemon Server] - 2024-10-08T15:34:10.517Z - Time taken for 'total execution time for createProjectGraph()' 17.08990000002086ms
[NX Daemon Server] - 2024-10-08T15:35:09.599Z - [WATCHER]: Processing file changes in outputs
[NX Daemon Server] - 2024-10-08T15:35:09.600Z - [WATCHER]: packages/webapp/package.json was modified
[NX Daemon Server] - 2024-10-08T15:35:10.014Z - [REQUEST]: Updated workspace context based on watched changes, recomputing project graph...
[NX Daemon Server] - 2024-10-08T15:35:10.014Z - [REQUEST]: packages/webapp/package.json
[NX Daemon Server] - 2024-10-08T15:35:10.014Z - [REQUEST]: 
[NX Daemon Server] - 2024-10-08T15:35:10.015Z - Time taken for 'hash changed files from watcher' 0.17040000017732382ms
[NX Daemon Server] - 2024-10-08T15:35:10.029Z - Time taken for 'build-project-configs' 10.652000000700355ms
[NX Daemon Server] - 2024-10-08T15:35:10.075Z - [SYNC]: collect registered sync generators
[NX Daemon Server] - 2024-10-08T15:35:10.076Z - [SYNC]: project graph hash is the same, not collecting task sync generators
[NX Daemon Server] - 2024-10-08T15:35:10.076Z - [SYNC]: nx.json hash is the same, not collecting global sync generators
[NX Daemon Server] - 2024-10-08T15:35:10.076Z - Time taken for 'total execution time for createProjectGraph()' 40.99299999978393ms
[NX Daemon Server] - 2024-10-08T15:35:10.151Z - [WATCHER]: Processing file changes in outputs
[NX Daemon Server] - 2024-10-08T15:35:10.153Z - [WATCHER]: Stopping the watcher for C:\Users\reina\projetos\lerna-hello-world (sources)
[NX Daemon Server] - 2024-10-08T15:35:10.153Z - [WATCHER]: Stopping the watcher for C:\Users\reina\projetos\lerna-hello-world (outputs)
[NX Daemon Server] - 2024-10-08T15:35:10.159Z - Server stopped because: "LOCK_FILES_CHANGED"
[NX Daemon Server] - 2024-10-08T15:42:02.409Z - Started listening on: \\.\pipe\nx\C:\Users\reina\AppData\Local\Temp\156d2d8cf3684044e6e0\d.sock
[NX Daemon Server] - 2024-10-08T15:42:02.412Z - [WATCHER]: Subscribed to changes within: C:\Users\reina\projetos\lerna-hello-world (native)
[NX Daemon Server] - 2024-10-08T15:42:02.415Z - Established a connection. Number of open connections: 1
[NX Daemon Server] - 2024-10-08T15:42:02.417Z - Closed a connection. Number of open connections: 0
[NX Daemon Server] - 2024-10-08T15:42:02.417Z - Established a connection. Number of open connections: 1
[NX Daemon Server] - 2024-10-08T15:42:02.419Z - [REQUEST]: Client Request for Project Graph Received
[NX Daemon Server] - 2024-10-08T15:42:02.763Z - [REQUEST]: Updated workspace context based on watched changes, recomputing project graph...
[NX Daemon Server] - 2024-10-08T15:42:02.763Z - [REQUEST]: 
[NX Daemon Server] - 2024-10-08T15:42:02.763Z - [REQUEST]: 
[NX Daemon Server] - 2024-10-08T15:42:02.770Z - Time taken for 'loadNxPlugins' 342.53450000000004ms
[NX Daemon Server] - 2024-10-08T15:42:02.807Z - Time taken for 'build-project-configs' 27.56669999999997ms
[NX Daemon Server] - 2024-10-08T15:42:02.888Z - [SYNC]: collect registered sync generators
[NX Daemon Server] - 2024-10-08T15:42:02.889Z - [REQUEST]: Responding to the client. project-graph
[NX Daemon Server] - 2024-10-08T15:42:02.890Z - Time taken for 'total for creating and serializing project graph' 470.2628ms
[NX Daemon Server] - 2024-10-08T15:42:02.890Z - Done responding to the client project-graph
[NX Daemon Server] - 2024-10-08T15:42:02.891Z - Handled REQUEST_PROJECT_GRAPH. Handling time: 470. Response time: 2.
[NX Daemon Server] - 2024-10-08T15:42:02.897Z - [REQUEST]: Responding to the client. handleContextFileData
[NX Daemon Server] - 2024-10-08T15:42:02.898Z - Done responding to the client handleContextFileData
[NX Daemon Server] - 2024-10-08T15:42:02.898Z - Handled GET_CONTEXT_FILE_DATA. Handling time: 0. Response time: 1.
[NX Daemon Server] - 2024-10-08T15:42:03.010Z - [REQUEST]: Client Request for Project Graph Received
[NX Daemon Server] - 2024-10-08T15:42:03.011Z - [REQUEST]: Responding to the client. project-graph
[NX Daemon Server] - 2024-10-08T15:42:03.012Z - Time taken for 'total for creating and serializing project graph' 0.49929999999994834ms
[NX Daemon Server] - 2024-10-08T15:42:03.012Z - Done responding to the client project-graph
[NX Daemon Server] - 2024-10-08T15:42:03.012Z - Handled REQUEST_PROJECT_GRAPH. Handling time: 1. Response time: 1.
[NX Daemon Server] - 2024-10-08T15:42:03.044Z - [REQUEST]: Responding to the client. handleHashTasks
[NX Daemon Server] - 2024-10-08T15:42:03.044Z - Done responding to the client handleHashTasks
[NX Daemon Server] - 2024-10-08T15:42:03.044Z - Handled HASH_TASKS. Handling time: 16. Response time: 0.
[NX Daemon Server] - 2024-10-08T15:42:04.334Z - [WATCHER]: Processing file changes in outputs
[NX Daemon Server] - 2024-10-08T15:42:05.763Z - [WATCHER]: Processing file changes in outputs
[NX Daemon Server] - 2024-10-08T15:42:05.823Z - [WATCHER]: Processing file changes in outputs
[NX Daemon Server] - 2024-10-08T15:42:05.840Z - [REQUEST]: Responding to the client. recordOutputsHash
[NX Daemon Server] - 2024-10-08T15:42:05.841Z - Done responding to the client recordOutputsHash
[NX Daemon Server] - 2024-10-08T15:42:05.841Z - Handled RECORD_OUTPUTS_HASH. Handling time: 0. Response time: 1.
[NX Daemon Server] - 2024-10-08T18:18:08.241Z - Closed a connection. Number of open connections: 0
[NX Daemon Server] - 2024-10-08T18:19:00.926Z - [WATCHER]: packages/tsconfig.json was modified
[NX Daemon Server] - 2024-10-08T18:19:00.927Z - [WATCHER]: Processing file changes in outputs
[NX Daemon Server] - 2024-10-08T18:19:01.042Z - [REQUEST]: Updated workspace context based on watched changes, recomputing project graph...
[NX Daemon Server] - 2024-10-08T18:19:01.042Z - [REQUEST]: packages/tsconfig.json
[NX Daemon Server] - 2024-10-08T18:19:01.042Z - [REQUEST]: 
[NX Daemon Server] - 2024-10-08T18:19:01.044Z - Time taken for 'hash changed files from watcher' 5.870899999514222ms
[NX Daemon Server] - 2024-10-08T18:19:01.064Z - Time taken for 'build-project-configs' 16.595799999311566ms
[NX Daemon Server] - 2024-10-08T18:19:01.099Z - [SYNC]: collect registered sync generators
[NX Daemon Server] - 2024-10-08T18:19:01.099Z - [SYNC]: project graph hash is the same, not collecting task sync generators
[NX Daemon Server] - 2024-10-08T18:19:01.099Z - [SYNC]: nx.json hash is the same, not collecting global sync generators
[NX Daemon Server] - 2024-10-08T18:19:01.099Z - Time taken for 'total execution time for createProjectGraph()' 26.54120000079274ms
[NX Daemon Server] - 2024-10-08T18:42:28.665Z - [WATCHER]: Processing file changes in outputs
[NX Daemon Server] - 2024-10-08T18:42:28.667Z - [WATCHER]: 0 file(s) created or restored, 7 file(s) modified, 0 file(s) deleted
[NX Daemon Server] - 2024-10-08T18:42:28.871Z - [REQUEST]: Updated workspace context based on watched changes, recomputing project graph...
[NX Daemon Server] - 2024-10-08T18:42:28.871Z - [REQUEST]: packages/core/build/hello-world-response.dto.js.map,packages/core/build/hello-world-response.dto.js,packages/core/build/hello-world-response.dto.d.ts,packages/core/build/index.js,packages/core/tsconfig.tsbuildinfo,packages/core/build/index.js.map,packages/core/build/index.d.ts
[NX Daemon Server] - 2024-10-08T18:42:28.871Z - [REQUEST]: 
[NX Daemon Server] - 2024-10-08T18:42:28.873Z - Time taken for 'hash changed files from watcher' 0.34080000035464764ms
[NX Daemon Server] - 2024-10-08T18:42:28.891Z - Time taken for 'build-project-configs' 14.605000000447035ms
[NX Daemon Server] - 2024-10-08T18:42:28.926Z - [SYNC]: collect registered sync generators
[NX Daemon Server] - 2024-10-08T18:42:28.927Z - [SYNC]: project graph hash is the same, not collecting task sync generators
[NX Daemon Server] - 2024-10-08T18:42:28.927Z - [SYNC]: nx.json hash is the same, not collecting global sync generators
[NX Daemon Server] - 2024-10-08T18:42:28.927Z - Time taken for 'total execution time for createProjectGraph()' 28.25059999898076ms
[NX Daemon Server] - 2024-10-08T18:43:13.050Z - [WATCHER]: packages/core/package.json was modified
[NX Daemon Server] - 2024-10-08T18:43:13.050Z - [WATCHER]: Processing file changes in outputs
[NX Daemon Server] - 2024-10-08T18:43:13.463Z - [REQUEST]: Updated workspace context based on watched changes, recomputing project graph...
[NX Daemon Server] - 2024-10-08T18:43:13.463Z - [REQUEST]: packages/core/package.json
[NX Daemon Server] - 2024-10-08T18:43:13.463Z - [REQUEST]: 
[NX Daemon Server] - 2024-10-08T18:43:13.464Z - Time taken for 'hash changed files from watcher' 4.389000000432134ms
[NX Daemon Server] - 2024-10-08T18:43:13.483Z - Time taken for 'build-project-configs' 15.19370000064373ms
[NX Daemon Server] - 2024-10-08T18:43:13.519Z - [SYNC]: collect registered sync generators
[NX Daemon Server] - 2024-10-08T18:43:13.520Z - [SYNC]: nx.json hash is the same, not collecting global sync generators
[NX Daemon Server] - 2024-10-08T18:43:13.520Z - Time taken for 'total execution time for createProjectGraph()' 29.61909999884665ms
[NX Daemon Server] - 2024-10-08T18:43:15.366Z - [WATCHER]: packages/api/src/app.controller.ts was modified
[NX Daemon Server] - 2024-10-08T18:43:15.366Z - [WATCHER]: Processing file changes in outputs
[NX Daemon Server] - 2024-10-08T18:43:16.179Z - [REQUEST]: Updated workspace context based on watched changes, recomputing project graph...
[NX Daemon Server] - 2024-10-08T18:43:16.179Z - [REQUEST]: packages/api/src/app.controller.ts
[NX Daemon Server] - 2024-10-08T18:43:16.179Z - [REQUEST]: 
[NX Daemon Server] - 2024-10-08T18:43:16.180Z - Time taken for 'hash changed files from watcher' 0.9107000008225441ms
[NX Daemon Server] - 2024-10-08T18:43:16.198Z - Time taken for 'build-project-configs' 14.370600000023842ms
[NX Daemon Server] - 2024-10-08T18:43:16.228Z - [SYNC]: collect registered sync generators
[NX Daemon Server] - 2024-10-08T18:43:16.228Z - [SYNC]: project graph hash is the same, not collecting task sync generators
[NX Daemon Server] - 2024-10-08T18:43:16.229Z - [SYNC]: nx.json hash is the same, not collecting global sync generators
[NX Daemon Server] - 2024-10-08T18:43:16.229Z - Time taken for 'total execution time for createProjectGraph()' 22.880099998787045ms
[NX Daemon Server] - 2024-10-08T21:43:15.372Z - [WATCHER]: Stopping the watcher for C:\Users\reina\projetos\lerna-hello-world (sources)
[NX Daemon Server] - 2024-10-08T21:43:15.373Z - [WATCHER]: Stopping the watcher for C:\Users\reina\projetos\lerna-hello-world (outputs)
[NX Daemon Server] - 2024-10-08T21:43:15.379Z - Server stopped because: "10800000ms of inactivity"
[NX Daemon Server] - 2024-10-08T23:49:11.046Z - Started listening on: \\.\pipe\nx\C:\Users\reina\AppData\Local\Temp\156d2d8cf3684044e6e0\d.sock
[NX Daemon Server] - 2024-10-08T23:49:11.055Z - [WATCHER]: Subscribed to changes within: C:\Users\reina\projetos\lerna-hello-world (native)
[NX Daemon Server] - 2024-10-08T23:49:11.060Z - Established a connection. Number of open connections: 1
[NX Daemon Server] - 2024-10-08T23:49:11.062Z - Established a connection. Number of open connections: 2
[NX Daemon Server] - 2024-10-08T23:49:11.064Z - Closed a connection. Number of open connections: 1
[NX Daemon Server] - 2024-10-08T23:49:11.068Z - [REQUEST]: Client Request for Project Graph Received
[NX Daemon Server] - 2024-10-08T23:49:11.485Z - [REQUEST]: Updated workspace context based on watched changes, recomputing project graph...
[NX Daemon Server] - 2024-10-08T23:49:11.485Z - [REQUEST]: 
[NX Daemon Server] - 2024-10-08T23:49:11.485Z - [REQUEST]: 
[NX Daemon Server] - 2024-10-08T23:49:11.491Z - Time taken for 'loadNxPlugins' 415.1017999999999ms
[NX Daemon Server] - 2024-10-08T23:49:11.544Z - Time taken for 'build-project-configs' 36.850799999999936ms
[NX Daemon Server] - 2024-10-08T23:49:11.586Z - [SYNC]: collect registered sync generators
[NX Daemon Server] - 2024-10-08T23:49:11.587Z - [REQUEST]: Responding to the client. project-graph
[NX Daemon Server] - 2024-10-08T23:49:11.588Z - Time taken for 'total for creating and serializing project graph' 518.8492ms
[NX Daemon Server] - 2024-10-08T23:49:11.589Z - Done responding to the client project-graph
[NX Daemon Server] - 2024-10-08T23:49:11.589Z - Handled REQUEST_PROJECT_GRAPH. Handling time: 519. Response time: 2.
[NX Daemon Server] - 2024-10-08T23:49:11.598Z - [REQUEST]: Responding to the client. handleContextFileData
[NX Daemon Server] - 2024-10-08T23:49:11.598Z - Done responding to the client handleContextFileData
[NX Daemon Server] - 2024-10-08T23:49:11.598Z - Handled GET_CONTEXT_FILE_DATA. Handling time: 0. Response time: 0.
[NX Daemon Server] - 2024-10-08T23:49:11.757Z - Closed a connection. Number of open connections: 0
[NX Daemon Server] - 2024-10-08T23:59:41.017Z - [WATCHER]: Processing file changes in outputs
[NX Daemon Server] - 2024-10-08T23:59:41.019Z - [WATCHER]: package-lock.json was modified
[NX Daemon Server] - 2024-10-08T23:59:41.124Z - [REQUEST]: Updated workspace context based on watched changes, recomputing project graph...
[NX Daemon Server] - 2024-10-08T23:59:41.124Z - [REQUEST]: package-lock.json
[NX Daemon Server] - 2024-10-08T23:59:41.124Z - [REQUEST]: 
[NX Daemon Server] - 2024-10-08T23:59:41.126Z - Time taken for 'hash changed files from watcher' 0.44349999993573874ms
[NX Daemon Server] - 2024-10-08T23:59:41.146Z - Time taken for 'build-project-configs' 16.097400000086054ms
[NX Daemon Server] - 2024-10-08T23:59:41.180Z - [SYNC]: collect registered sync generators
[NX Daemon Server] - 2024-10-08T23:59:41.180Z - [SYNC]: project graph hash is the same, not collecting task sync generators
[NX Daemon Server] - 2024-10-08T23:59:41.180Z - [SYNC]: nx.json hash is the same, not collecting global sync generators
[NX Daemon Server] - 2024-10-08T23:59:41.180Z - Time taken for 'total execution time for createProjectGraph()' 26.60779999999795ms
[NX Daemon Server] - 2024-10-08T23:59:47.781Z - [WATCHER]: packages/core/tsconfig.json was modified
[NX Daemon Server] - 2024-10-08T23:59:47.781Z - [WATCHER]: Processing file changes in outputs
[NX Daemon Server] - 2024-10-08T23:59:48.001Z - [REQUEST]: Updated workspace context based on watched changes, recomputing project graph...
[NX Daemon Server] - 2024-10-08T23:59:48.001Z - [REQUEST]: packages/core/tsconfig.json
[NX Daemon Server] - 2024-10-08T23:59:48.001Z - [REQUEST]: 
[NX Daemon Server] - 2024-10-08T23:59:48.002Z - Time taken for 'hash changed files from watcher' 4.01679999998305ms
[NX Daemon Server] - 2024-10-08T23:59:48.019Z - Time taken for 'build-project-configs' 13.48569999996107ms
[NX Daemon Server] - 2024-10-08T23:59:48.053Z - [SYNC]: collect registered sync generators
[NX Daemon Server] - 2024-10-08T23:59:48.053Z - [SYNC]: project graph hash is the same, not collecting task sync generators
[NX Daemon Server] - 2024-10-08T23:59:48.053Z - [SYNC]: nx.json hash is the same, not collecting global sync generators
[NX Daemon Server] - 2024-10-08T23:59:48.053Z - Time taken for 'total execution time for createProjectGraph()' 26.23589999997057ms
[NX Daemon Server] - 2024-10-08T23:59:59.731Z - [WATCHER]: packages/core/build was deleted
[NX Daemon Server] - 2024-10-08T23:59:59.731Z - [WATCHER]: Processing file changes in outputs
[NX Daemon Server] - 2024-10-09T00:00:00.147Z - [REQUEST]: Updated workspace context based on watched changes, recomputing project graph...
[NX Daemon Server] - 2024-10-09T00:00:00.147Z - [REQUEST]: 
[NX Daemon Server] - 2024-10-09T00:00:00.147Z - [REQUEST]: packages/core/build
[NX Daemon Server] - 2024-10-09T00:00:00.149Z - Time taken for 'hash changed files from watcher' 0.10400000005029142ms
[NX Daemon Server] - 2024-10-09T00:00:00.165Z - Time taken for 'build-project-configs' 12.932999999960884ms
[NX Daemon Server] - 2024-10-09T00:00:00.195Z - [SYNC]: collect registered sync generators
[NX Daemon Server] - 2024-10-09T00:00:00.195Z - [SYNC]: project graph hash is the same, not collecting task sync generators
[NX Daemon Server] - 2024-10-09T00:00:00.196Z - [SYNC]: nx.json hash is the same, not collecting global sync generators
[NX Daemon Server] - 2024-10-09T00:00:00.196Z - Time taken for 'total execution time for createProjectGraph()' 23.026799999992363ms
[NX Daemon Server] - 2024-10-09T00:00:11.663Z - [WATCHER]: packages/core/.gitignore was modified
[NX Daemon Server] - 2024-10-09T00:00:11.663Z - [WATCHER]: Processing file changes in outputs
[NX Daemon Server] - 2024-10-09T00:00:11.663Z - [WATCHER]: Stopping the watcher for C:\Users\reina\projetos\lerna-hello-world (sources)
[NX Daemon Server] - 2024-10-09T00:00:11.663Z - [WATCHER]: Stopping the watcher for C:\Users\reina\projetos\lerna-hello-world (outputs)
[NX Daemon Server] - 2024-10-09T00:00:11.664Z - Server stopped because: "Stopping the daemon the set of ignored files changed (native)"
[NX Daemon Server] - 2024-10-09T00:06:18.655Z - Started listening on: \\.\pipe\nx\C:\Users\reina\AppData\Local\Temp\156d2d8cf3684044e6e0\d.sock
[NX Daemon Server] - 2024-10-09T00:06:18.658Z - [WATCHER]: Subscribed to changes within: C:\Users\reina\projetos\lerna-hello-world (native)
[NX Daemon Server] - 2024-10-09T00:06:18.671Z - Established a connection. Number of open connections: 1
[NX Daemon Server] - 2024-10-09T00:06:18.672Z - Closed a connection. Number of open connections: 0
[NX Daemon Server] - 2024-10-09T00:06:18.673Z - Established a connection. Number of open connections: 1
[NX Daemon Server] - 2024-10-09T00:06:18.674Z - [REQUEST]: Client Request for Project Graph Received
[NX Daemon Server] - 2024-10-09T00:06:18.892Z - [REQUEST]: Updated workspace context based on watched changes, recomputing project graph...
[NX Daemon Server] - 2024-10-09T00:06:18.892Z - [REQUEST]: 
[NX Daemon Server] - 2024-10-09T00:06:18.892Z - [REQUEST]: 
[NX Daemon Server] - 2024-10-09T00:06:18.898Z - Time taken for 'loadNxPlugins' 216.2172ms
[NX Daemon Server] - 2024-10-09T00:06:18.937Z - Time taken for 'build-project-configs' 28.38590000000005ms
[NX Daemon Server] - 2024-10-09T00:06:19.017Z - [SYNC]: collect registered sync generators
[NX Daemon Server] - 2024-10-09T00:06:19.018Z - [REQUEST]: Responding to the client. project-graph
[NX Daemon Server] - 2024-10-09T00:06:19.019Z - Time taken for 'total for creating and serializing project graph' 343.98879999999997ms
[NX Daemon Server] - 2024-10-09T00:06:19.020Z - Done responding to the client project-graph
[NX Daemon Server] - 2024-10-09T00:06:19.020Z - Handled REQUEST_PROJECT_GRAPH. Handling time: 344. Response time: 2.
[NX Daemon Server] - 2024-10-09T00:06:19.027Z - [REQUEST]: Responding to the client. handleContextFileData
[NX Daemon Server] - 2024-10-09T00:06:19.027Z - Done responding to the client handleContextFileData
[NX Daemon Server] - 2024-10-09T00:06:19.027Z - Handled GET_CONTEXT_FILE_DATA. Handling time: 1. Response time: 0.
[NX Daemon Server] - 2024-10-09T00:06:19.140Z - [REQUEST]: Client Request for Project Graph Received
[NX Daemon Server] - 2024-10-09T00:06:19.141Z - [REQUEST]: Responding to the client. project-graph
[NX Daemon Server] - 2024-10-09T00:06:19.142Z - Time taken for 'total for creating and serializing project graph' 0.5480000000000018ms
[NX Daemon Server] - 2024-10-09T00:06:19.142Z - Done responding to the client project-graph
[NX Daemon Server] - 2024-10-09T00:06:19.142Z - Handled REQUEST_PROJECT_GRAPH. Handling time: 1. Response time: 1.
[NX Daemon Server] - 2024-10-09T00:06:19.190Z - [REQUEST]: Responding to the client. handleHashTasks
[NX Daemon Server] - 2024-10-09T00:06:19.190Z - Done responding to the client handleHashTasks
[NX Daemon Server] - 2024-10-09T00:06:19.190Z - Handled HASH_TASKS. Handling time: 18. Response time: 0.
[NX Daemon Server] - 2024-10-09T00:06:21.724Z - [WATCHER]: Processing file changes in outputs
[NX Daemon Server] - 2024-10-09T00:06:24.922Z - [WATCHER]: Processing file changes in outputs
[NX Daemon Server] - 2024-10-09T00:06:24.930Z - [REQUEST]: Responding to the client. recordOutputsHash
[NX Daemon Server] - 2024-10-09T00:06:24.930Z - Done responding to the client recordOutputsHash
[NX Daemon Server] - 2024-10-09T00:06:24.930Z - Handled RECORD_OUTPUTS_HASH. Handling time: 6. Response time: 0.
[NX Daemon Server] - 2024-10-09T00:06:24.933Z - [WATCHER]: packages/core/tsconfig.tsbuildinfo was modified
[NX Daemon Server] - 2024-10-09T00:06:25.047Z - [REQUEST]: Updated workspace context based on watched changes, recomputing project graph...
[NX Daemon Server] - 2024-10-09T00:06:25.048Z - [REQUEST]: packages/core/tsconfig.tsbuildinfo
[NX Daemon Server] - 2024-10-09T00:06:25.048Z - [REQUEST]: 
[NX Daemon Server] - 2024-10-09T00:06:25.050Z - Time taken for 'hash changed files from watcher' 0.24719999999979336ms
[NX Daemon Server] - 2024-10-09T00:06:25.069Z - Time taken for 'build-project-configs' 15.878999999999905ms
[NX Daemon Server] - 2024-10-09T00:06:25.105Z - [SYNC]: collect registered sync generators
[NX Daemon Server] - 2024-10-09T00:06:25.105Z - [SYNC]: project graph hash is the same, not collecting task sync generators
[NX Daemon Server] - 2024-10-09T00:06:25.106Z - [SYNC]: nx.json hash is the same, not collecting global sync generators
[NX Daemon Server] - 2024-10-09T00:06:25.106Z - Time taken for 'total execution time for createProjectGraph()' 25.429399999999987ms
[NX Daemon Server] - 2024-10-09T00:06:25.975Z - [WATCHER]: Processing file changes in outputs
[NX Daemon Server] - 2024-10-09T00:06:26.029Z - [WATCHER]: Processing file changes in outputs
[NX Daemon Server] - 2024-10-09T00:06:26.049Z - [REQUEST]: Responding to the client. recordOutputsHash
[NX Daemon Server] - 2024-10-09T00:06:26.049Z - Done responding to the client recordOutputsHash
[NX Daemon Server] - 2024-10-09T00:06:26.049Z - Handled RECORD_OUTPUTS_HASH. Handling time: 7. Response time: 0.
[NX Daemon Server] - 2024-10-09T00:06:34.346Z - [WATCHER]: Processing file changes in outputs
[NX Daemon Server] - 2024-10-09T00:07:12.228Z - [WATCHER]: Processing file changes in outputs
[NX Daemon Server] - 2024-10-09T00:07:12.337Z - [REQUEST]: Responding to the client. recordOutputsHash
[NX Daemon Server] - 2024-10-09T00:07:12.337Z - Done responding to the client recordOutputsHash
[NX Daemon Server] - 2024-10-09T00:07:12.337Z - Handled RECORD_OUTPUTS_HASH. Handling time: 0. Response time: 0.
[NX Daemon Server] - 2024-10-09T00:07:12.352Z - Closed a connection. Number of open connections: 0
[NX Daemon Server] - 2024-10-09T00:16:33.237Z - [WATCHER]: Processing file changes in outputs
[NX Daemon Server] - 2024-10-09T00:16:33.238Z - [WATCHER]: packages/api/package.json was modified
[NX Daemon Server] - 2024-10-09T00:16:33.444Z - [REQUEST]: Updated workspace context based on watched changes, recomputing project graph...
[NX Daemon Server] - 2024-10-09T00:16:33.444Z - [REQUEST]: packages/api/package.json
[NX Daemon Server] - 2024-10-09T00:16:33.444Z - [REQUEST]: 
[NX Daemon Server] - 2024-10-09T00:16:33.446Z - Time taken for 'hash changed files from watcher' 5.278099999995902ms
[NX Daemon Server] - 2024-10-09T00:16:33.464Z - Time taken for 'build-project-configs' 15.678900000057183ms
[NX Daemon Server] - 2024-10-09T00:16:33.516Z - [SYNC]: collect registered sync generators
[NX Daemon Server] - 2024-10-09T00:16:33.517Z - [SYNC]: project graph hash is the same, not collecting task sync generators
[NX Daemon Server] - 2024-10-09T00:16:33.517Z - [SYNC]: nx.json hash is the same, not collecting global sync generators
[NX Daemon Server] - 2024-10-09T00:16:33.517Z - Time taken for 'total execution time for createProjectGraph()' 43.60649999999441ms
[NX Daemon Server] - 2024-10-09T00:16:38.828Z - Established a connection. Number of open connections: 1
[NX Daemon Server] - 2024-10-09T00:16:38.828Z - Closed a connection. Number of open connections: 0
[NX Daemon Server] - 2024-10-09T00:16:38.829Z - Established a connection. Number of open connections: 1
[NX Daemon Server] - 2024-10-09T00:16:38.831Z - [REQUEST]: Client Request for Project Graph Received
[NX Daemon Server] - 2024-10-09T00:16:38.832Z - [REQUEST]: Responding to the client. project-graph
[NX Daemon Server] - 2024-10-09T00:16:38.834Z - Time taken for 'total for creating and serializing project graph' 0.5315999999875203ms
[NX Daemon Server] - 2024-10-09T00:16:38.834Z - Done responding to the client project-graph
[NX Daemon Server] - 2024-10-09T00:16:38.834Z - Handled REQUEST_PROJECT_GRAPH. Handling time: 1. Response time: 2.
[NX Daemon Server] - 2024-10-09T00:16:38.843Z - [REQUEST]: Responding to the client. handleContextFileData
[NX Daemon Server] - 2024-10-09T00:16:38.843Z - Done responding to the client handleContextFileData
[NX Daemon Server] - 2024-10-09T00:16:38.843Z - Handled GET_CONTEXT_FILE_DATA. Handling time: 0. Response time: 0.
[NX Daemon Server] - 2024-10-09T00:16:38.984Z - [REQUEST]: Client Request for Project Graph Received
[NX Daemon Server] - 2024-10-09T00:16:38.985Z - [REQUEST]: Responding to the client. project-graph
[NX Daemon Server] - 2024-10-09T00:16:38.986Z - Time taken for 'total for creating and serializing project graph' 0.5587999999988824ms
[NX Daemon Server] - 2024-10-09T00:16:38.986Z - Done responding to the client project-graph
[NX Daemon Server] - 2024-10-09T00:16:38.986Z - Handled REQUEST_PROJECT_GRAPH. Handling time: 1. Response time: 1.
[NX Daemon Server] - 2024-10-09T00:16:39.022Z - [REQUEST]: Responding to the client. handleHashTasks
[NX Daemon Server] - 2024-10-09T00:16:39.023Z - Done responding to the client handleHashTasks
[NX Daemon Server] - 2024-10-09T00:16:39.023Z - Handled HASH_TASKS. Handling time: 16. Response time: 1.
[NX Daemon Server] - 2024-10-09T00:16:39.070Z - [REQUEST]: Responding to the client. outputsHashesMatch
[NX Daemon Server] - 2024-10-09T00:16:39.070Z - Done responding to the client outputsHashesMatch
[NX Daemon Server] - 2024-10-09T00:16:39.070Z - Handled OUTPUTS_HASHES_MATCH. Handling time: 0. Response time: 0.
[NX Daemon Server] - 2024-10-09T00:16:39.071Z - [REQUEST]: Responding to the client. recordOutputsHash
[NX Daemon Server] - 2024-10-09T00:16:39.071Z - Done responding to the client recordOutputsHash
[NX Daemon Server] - 2024-10-09T00:16:39.072Z - Handled RECORD_OUTPUTS_HASH. Handling time: 0. Response time: 1.
[NX Daemon Server] - 2024-10-09T00:16:40.658Z - [REQUEST]: Responding to the client. recordOutputsHash
[NX Daemon Server] - 2024-10-09T00:16:40.658Z - Done responding to the client recordOutputsHash
[NX Daemon Server] - 2024-10-09T00:16:40.658Z - Handled RECORD_OUTPUTS_HASH. Handling time: 6. Response time: 0.
[NX Daemon Server] - 2024-10-09T00:16:41.917Z - [WATCHER]: Processing file changes in outputs
[NX Daemon Server] - 2024-10-09T00:16:43.180Z - [WATCHER]: Processing file changes in outputs
[NX Daemon Server] - 2024-10-09T00:16:43.233Z - [WATCHER]: Processing file changes in outputs
[NX Daemon Server] - 2024-10-09T00:16:43.247Z - [REQUEST]: Responding to the client. recordOutputsHash
[NX Daemon Server] - 2024-10-09T00:16:43.247Z - Done responding to the client recordOutputsHash
[NX Daemon Server] - 2024-10-09T00:16:43.248Z - Handled RECORD_OUTPUTS_HASH. Handling time: 7. Response time: 1.
[NX Daemon Server] - 2024-10-09T00:16:43.265Z - Closed a connection. Number of open connections: 0
[NX Daemon Server] - 2024-10-09T00:35:07.835Z - [WATCHER]: Processing file changes in outputs
[NX Daemon Server] - 2024-10-09T00:35:07.837Z - [WATCHER]: Stopping the watcher for C:\Users\reina\projetos\lerna-hello-world (sources)
[NX Daemon Server] - 2024-10-09T00:35:07.837Z - [WATCHER]: Stopping the watcher for C:\Users\reina\projetos\lerna-hello-world (outputs)
[NX Daemon Server] - 2024-10-09T00:35:07.837Z - Server stopped because: "LOCK_FILES_CHANGED"
[NX Daemon Server] - 2024-10-09T00:35:25.122Z - Started listening on: \\.\pipe\nx\C:\Users\reina\AppData\Local\Temp\156d2d8cf3684044e6e0\d.sock
[NX Daemon Server] - 2024-10-09T00:35:25.126Z - [WATCHER]: Subscribed to changes within: C:\Users\reina\projetos\lerna-hello-world (native)
[NX Daemon Server] - 2024-10-09T00:35:25.129Z - Established a connection. Number of open connections: 1
[NX Daemon Server] - 2024-10-09T00:35:25.129Z - Established a connection. Number of open connections: 2
[NX Daemon Server] - 2024-10-09T00:35:25.131Z - Closed a connection. Number of open connections: 1
[NX Daemon Server] - 2024-10-09T00:35:25.133Z - [REQUEST]: Client Request for Project Graph Received
[NX Daemon Server] - 2024-10-09T00:35:25.396Z - [REQUEST]: Updated workspace context based on watched changes, recomputing project graph...
[NX Daemon Server] - 2024-10-09T00:35:25.396Z - [REQUEST]: 
[NX Daemon Server] - 2024-10-09T00:35:25.396Z - [REQUEST]: 
[NX Daemon Server] - 2024-10-09T00:35:25.403Z - Time taken for 'loadNxPlugins' 261.2362ms
[NX Daemon Server] - 2024-10-09T00:35:25.446Z - Time taken for 'build-project-configs' 32.15289999999993ms
[NX Daemon Server] - 2024-10-09T00:35:25.526Z - [SYNC]: collect registered sync generators
[NX Daemon Server] - 2024-10-09T00:35:25.528Z - [REQUEST]: Responding to the client. project-graph
[NX Daemon Server] - 2024-10-09T00:35:25.529Z - Time taken for 'total for creating and serializing project graph' 394.49820000000005ms
[NX Daemon Server] - 2024-10-09T00:35:25.530Z - Done responding to the client project-graph
[NX Daemon Server] - 2024-10-09T00:35:25.530Z - Handled REQUEST_PROJECT_GRAPH. Handling time: 394. Response time: 3.
[NX Daemon Server] - 2024-10-09T00:35:25.537Z - [REQUEST]: Responding to the client. handleContextFileData
[NX Daemon Server] - 2024-10-09T00:35:25.537Z - Done responding to the client handleContextFileData
[NX Daemon Server] - 2024-10-09T00:35:25.537Z - Handled GET_CONTEXT_FILE_DATA. Handling time: 0. Response time: 0.
[NX Daemon Server] - 2024-10-09T00:35:25.671Z - [REQUEST]: Client Request for Project Graph Received
[NX Daemon Server] - 2024-10-09T00:35:25.672Z - [REQUEST]: Responding to the client. project-graph
[NX Daemon Server] - 2024-10-09T00:35:25.673Z - Time taken for 'total for creating and serializing project graph' 0.5486999999999398ms
[NX Daemon Server] - 2024-10-09T00:35:25.673Z - Done responding to the client project-graph
[NX Daemon Server] - 2024-10-09T00:35:25.673Z - Handled REQUEST_PROJECT_GRAPH. Handling time: 1. Response time: 1.
[NX Daemon Server] - 2024-10-09T00:35:25.714Z - [REQUEST]: Responding to the client. handleHashTasks
[NX Daemon Server] - 2024-10-09T00:35:25.715Z - Done responding to the client handleHashTasks
[NX Daemon Server] - 2024-10-09T00:35:25.715Z - Handled HASH_TASKS. Handling time: 20. Response time: 1.
[NX Daemon Server] - 2024-10-09T00:35:25.765Z - [REQUEST]: Responding to the client. outputsHashesMatch
[NX Daemon Server] - 2024-10-09T00:35:25.765Z - Done responding to the client outputsHashesMatch
[NX Daemon Server] - 2024-10-09T00:35:25.765Z - Handled OUTPUTS_HASHES_MATCH. Handling time: 7. Response time: 0.
[NX Daemon Server] - 2024-10-09T00:35:25.775Z - [REQUEST]: Responding to the client. outputsHashesMatch
[NX Daemon Server] - 2024-10-09T00:35:25.775Z - Done responding to the client outputsHashesMatch
[NX Daemon Server] - 2024-10-09T00:35:25.775Z - Handled OUTPUTS_HASHES_MATCH. Handling time: 0. Response time: 0.
[NX Daemon Server] - 2024-10-09T00:35:25.784Z - [REQUEST]: Responding to the client. recordOutputsHash
[NX Daemon Server] - 2024-10-09T00:35:25.785Z - Done responding to the client recordOutputsHash
[NX Daemon Server] - 2024-10-09T00:35:25.785Z - Handled RECORD_OUTPUTS_HASH. Handling time: 7. Response time: 1.
[NX Daemon Server] - 2024-10-09T00:35:25.800Z - [REQUEST]: Responding to the client. recordOutputsHash
[NX Daemon Server] - 2024-10-09T00:35:25.800Z - Done responding to the client recordOutputsHash
[NX Daemon Server] - 2024-10-09T00:35:25.800Z - Handled RECORD_OUTPUTS_HASH. Handling time: 0. Response time: 0.
[NX Daemon Server] - 2024-10-09T00:35:25.834Z - [WATCHER]: Processing file changes in outputs
[NX Daemon Server] - 2024-10-09T00:35:27.219Z - [WATCHER]: Processing file changes in outputs
[NX Daemon Server] - 2024-10-09T00:35:28.722Z - [WATCHER]: Processing file changes in outputs
[NX Daemon Server] - 2024-10-09T00:35:28.775Z - [WATCHER]: Processing file changes in outputs
[NX Daemon Server] - 2024-10-09T00:35:28.832Z - [REQUEST]: Responding to the client. recordOutputsHash
[NX Daemon Server] - 2024-10-09T00:35:28.833Z - Done responding to the client recordOutputsHash
[NX Daemon Server] - 2024-10-09T00:35:28.833Z - Handled RECORD_OUTPUTS_HASH. Handling time: 7. Response time: 1.
[NX Daemon Server] - 2024-10-09T00:35:28.848Z - Closed a connection. Number of open connections: 0
